<?xml version="1.0" encoding="UTF-8"?>
<!-- Generated by org.testng.reporters.JUnitXMLReporter -->
<testsuite ignored="0" hostname="INBook_X1" failures="0" tests="6" name="Test" time="0.067" errors="0" timestamp="2023-01-23T12:19:14 IST">
  <testcase classname="com.ProjectMaven.SampleTest.Delete" name="deleteTest" time="0.011"/>
  <testcase classname="com.ProjectMaven.SampleTest.Delete" name="deleteTestData" time="0.002"/>
  <testcase classname="com.ProjectMaven.SampleTest.CreateTest" name="createTest" time="0.001"/>
  <testcase classname="com.ProjectMaven.SampleTest.CreateTest" name="update" time="0.002"/>
  <testcase classname="com.ProjectMaven.SampleTest.Update" name="updateTest" time="0.001"/>
  <testcase classname="com.ProjectMaven.SampleTest.Update" name="updatetestdata" time="0.001"/>
</testsuite> <!-- Test -->
