<?xml version="1.0" encoding="UTF-8"?>
<testng-results ignored="0" total="6" passed="6" failed="0" skipped="0">
  <reporter-output>
    <line>
      <![CDATA[project deleted]]>
    </line>
    <line>
      <![CDATA[project data deleted]]>
    </line>
    <line>
      <![CDATA[project updated]]>
    </line>
    <line>
      <![CDATA[project updated]]>
    </line>
    <line>
      <![CDATA[project data updated]]>
    </line>
  </reporter-output>
  <suite started-at="2023-01-23T12:32:41 IST" name="Suite" finished-at="2023-01-23T12:32:41 IST" duration-ms="62">
    <groups>
      <group name="regression">
        <method signature="CreateTest.update()[pri:0, instance:com.ProjectMaven.SampleTest.CreateTest@73700b80]" name="update" class="com.ProjectMaven.SampleTest.CreateTest"/>
        <method signature="DeleteTest.deleteTest()[pri:0, instance:com.ProjectMaven.SampleTest.DeleteTest@57af006c]" name="deleteTest" class="com.ProjectMaven.SampleTest.DeleteTest"/>
        <method signature="UpdateTest.updatetestdata()[pri:0, instance:com.ProjectMaven.SampleTest.UpdateTest@49c7b90e]" name="updatetestdata" class="com.ProjectMaven.SampleTest.UpdateTest"/>
      </group> <!-- regression -->
      <group name="smoke">
        <method signature="CreateTest.createTest()[pri:0, instance:com.ProjectMaven.SampleTest.CreateTest@73700b80]" name="createTest" class="com.ProjectMaven.SampleTest.CreateTest"/>
        <method signature="CreateTest.update()[pri:0, instance:com.ProjectMaven.SampleTest.CreateTest@73700b80]" name="update" class="com.ProjectMaven.SampleTest.CreateTest"/>
        <method signature="DeleteTest.deleteTestData()[pri:0, instance:com.ProjectMaven.SampleTest.DeleteTest@57af006c]" name="deleteTestData" class="com.ProjectMaven.SampleTest.DeleteTest"/>
        <method signature="UpdateTest.updateTest()[pri:0, instance:com.ProjectMaven.SampleTest.UpdateTest@49c7b90e]" name="updateTest" class="com.ProjectMaven.SampleTest.UpdateTest"/>
        <method signature="UpdateTest.updatetestdata()[pri:0, instance:com.ProjectMaven.SampleTest.UpdateTest@49c7b90e]" name="updatetestdata" class="com.ProjectMaven.SampleTest.UpdateTest"/>
      </group> <!-- smoke -->
    </groups>
    <test started-at="2023-01-23T12:32:41 IST" name="Test" finished-at="2023-01-23T12:32:41 IST" duration-ms="62">
      <class name="com.ProjectMaven.SampleTest.DeleteTest">
        <test-method signature="deleteTest()[pri:0, instance:com.ProjectMaven.SampleTest.DeleteTest@57af006c]" started-at="2023-01-23T12:32:41 IST" name="deleteTest" finished-at="2023-01-23T12:32:41 IST" duration-ms="8" status="PASS">
          <reporter-output>
            <line>
              <![CDATA[project deleted]]>
            </line>
          </reporter-output>
        </test-method> <!-- deleteTest -->
        <test-method signature="deleteTestData()[pri:0, instance:com.ProjectMaven.SampleTest.DeleteTest@57af006c]" started-at="2023-01-23T12:32:41 IST" name="deleteTestData" finished-at="2023-01-23T12:32:41 IST" duration-ms="2" status="PASS">
          <reporter-output>
            <line>
              <![CDATA[project data deleted]]>
            </line>
          </reporter-output>
        </test-method> <!-- deleteTestData -->
      </class> <!-- com.ProjectMaven.SampleTest.DeleteTest -->
      <class name="com.ProjectMaven.SampleTest.CreateTest">
        <test-method signature="createTest()[pri:0, instance:com.ProjectMaven.SampleTest.CreateTest@73700b80]" started-at="2023-01-23T12:32:41 IST" name="createTest" finished-at="2023-01-23T12:32:41 IST" duration-ms="1" status="PASS">
          <reporter-output>
          </reporter-output>
        </test-method> <!-- createTest -->
        <test-method signature="update()[pri:0, instance:com.ProjectMaven.SampleTest.CreateTest@73700b80]" started-at="2023-01-23T12:32:41 IST" name="update" finished-at="2023-01-23T12:32:41 IST" duration-ms="1" status="PASS">
          <reporter-output>
            <line>
              <![CDATA[project updated]]>
            </line>
          </reporter-output>
        </test-method> <!-- update -->
      </class> <!-- com.ProjectMaven.SampleTest.CreateTest -->
      <class name="com.ProjectMaven.SampleTest.UpdateTest">
        <test-method signature="updateTest()[pri:0, instance:com.ProjectMaven.SampleTest.UpdateTest@49c7b90e]" started-at="2023-01-23T12:32:41 IST" name="updateTest" finished-at="2023-01-23T12:32:41 IST" duration-ms="1" status="PASS">
          <reporter-output>
            <line>
              <![CDATA[project updated]]>
            </line>
          </reporter-output>
        </test-method> <!-- updateTest -->
        <test-method signature="updatetestdata()[pri:0, instance:com.ProjectMaven.SampleTest.UpdateTest@49c7b90e]" started-at="2023-01-23T12:32:41 IST" name="updatetestdata" finished-at="2023-01-23T12:32:41 IST" duration-ms="1" status="PASS">
          <reporter-output>
            <line>
              <![CDATA[project data updated]]>
            </line>
          </reporter-output>
        </test-method> <!-- updatetestdata -->
      </class> <!-- com.ProjectMaven.SampleTest.UpdateTest -->
    </test> <!-- Test -->
  </suite> <!-- Suite -->
</testng-results>
