<?xml version="1.0" encoding="UTF-8"?>
<testng-results ignored="0" total="1" passed="1" failed="0" skipped="0">
  <reporter-output>
  </reporter-output>
  <suite started-at="2023-01-18T13:02:06 IST" name="Default suite" finished-at="2023-01-18T13:02:06 IST" duration-ms="53">
    <groups>
    </groups>
    <test started-at="2023-01-18T13:02:06 IST" name="Default test" finished-at="2023-01-18T13:02:06 IST" duration-ms="53">
      <class name="Practice.CommandLineDataPass">
        <test-method signature="travelTo()[pri:0, instance:Practice.CommandLineDataPass@702b8b12]" started-at="2023-01-18T13:02:06 IST" name="travelTo" finished-at="2023-01-18T13:02:06 IST" duration-ms="10" status="PASS">
          <reporter-output>
          </reporter-output>
        </test-method> <!-- travelTo -->
      </class> <!-- Practice.CommandLineDataPass -->
    </test> <!-- Default test -->
  </suite> <!-- Default suite -->
</testng-results>
